g++ src/main.cpp -c -o obj/main.o -DDEBUG -O0 -ggdb -fno-builtin -Iinclude -Ires/vendor/imgui -std=c++20 -Wall -Wextra -Wformat  -lX11 -lGL -lGLEW -llac
In file included from include/main.hpp:4,
                 from src/main.cpp:10:
include/callbacks.hpp: In function ‘void debug_callback(GLenum, GLenum, GLuint, GLenum, GLsizei, const GLchar*, const void*)’:
include/callbacks.hpp:6:11: warning: unused parameter ‘source’ [-Wunused-parameter]
    6 |    GLenum source,
      |    ~~~~~~~^~~~~~
include/callbacks.hpp:8:11: warning: unused parameter ‘id’ [-Wunused-parameter]
    8 |    GLuint id,
      |    ~~~~~~~^~
include/callbacks.hpp:10:12: warning: unused parameter ‘length’ [-Wunused-parameter]
   10 |    GLsizei length,
      |    ~~~~~~~~^~~~~~
include/callbacks.hpp:12:16: warning: unused parameter ‘args’ [-Wunused-parameter]
   12 |    const void *args
      |    ~~~~~~~~~~~~^~~~
src/main.cpp: In function ‘int main()’:
src/main.cpp:72:9: warning: unused variable ‘frames_elapsed’ [-Wunused-variable]
   72 |     int frames_elapsed = 0;
      |         ^~~~~~~~~~~~~~
src/main.cpp:73:30: warning: variable ‘since’ set but not used [-Wunused-but-set-variable]
   73 |     time_point<steady_clock> since = steady_clock::now();
      |                              ^~~~~
In file included from include/main.hpp:7:
include/window.hpp: At global scope:
include/window.hpp:9:13: warning: ‘query_pointer_location’ defined but not used [-Wunused-variable]
    9 | static bool query_pointer_location = true;
      |             ^~~~~~~~~~~~~~~~~~~~~~
include/window.hpp:8:17: warning: ‘key_mask’ defined but not used [-Wunused-variable]
    8 | static uint16_t key_mask = 0;
      |                 ^~~~~~~~
g++ src/player.cpp -c -o obj/player.o -DDEBUG -O0 -ggdb -fno-builtin -Iinclude -Ires/vendor/imgui -std=c++20 -Wall -Wextra -Wformat  -lX11 -lGL -lGLEW -llac
g++ src/window.cpp -c -o obj/window.o -DDEBUG -O0 -ggdb -fno-builtin -Iinclude -Ires/vendor/imgui -std=c++20 -Wall -Wextra -Wformat  -lX11 -lGL -lGLEW -llac
g++ res/vendor/imgui/imgui.cpp -c -o obj/imgui.o -DDEBUG -O0 -ggdb -fno-builtin -Iinclude -Ires/vendor/imgui -std=c++20 -Wall -Wextra -Wformat  -lX11 -lGL -lGLEW -llac
g++ res/vendor/imgui/imgui_draw.cpp -c -o obj/imgui_draw.o -DDEBUG -O0 -ggdb -fno-builtin -Iinclude -Ires/vendor/imgui -std=c++20 -Wall -Wextra -Wformat  -lX11 -lGL -lGLEW -llac
g++ res/vendor/imgui/imgui_impl_opengl3.cpp -c -o obj/imgui_impl_opengl3.o -DDEBUG -O0 -ggdb -fno-builtin -Iinclude -Ires/vendor/imgui -std=c++20 -Wall -Wextra -Wformat  -lX11 -lGL -lGLEW -llac
g++ res/vendor/imgui/imgui_impl_x11.cpp -c -o obj/imgui_impl_x11.o -DDEBUG -O0 -ggdb -fno-builtin -Iinclude -Ires/vendor/imgui -std=c++20 -Wall -Wextra -Wformat  -lX11 -lGL -lGLEW -llac
res/vendor/imgui/imgui_impl_x11.cpp: In function ‘void ImGui_ImplX11_SetClipboardText(void*, const char*)’:
res/vendor/imgui/imgui_impl_x11.cpp:93:50: warning: unused parameter ‘user_data’ [-Wunused-parameter]
   93 | static void ImGui_ImplX11_SetClipboardText(void* user_data, const char* text)
      |                                            ~~~~~~^~~~~~~~~
res/vendor/imgui/imgui_impl_x11.cpp: In function ‘const char* ImGui_ImplX11_GetClipboardText(void*)’:
res/vendor/imgui/imgui_impl_x11.cpp:116:57: warning: unused parameter ‘user_data’ [-Wunused-parameter]
  116 | static const char* ImGui_ImplX11_GetClipboardText(void *user_data)
      |                                                   ~~~~~~^~~~~~~~~
res/vendor/imgui/imgui_impl_x11.cpp: In function ‘void ImGui_ImplX11_UpdateKeyModifiers()’:
res/vendor/imgui/imgui_impl_x11.cpp:242:10: warning: unused variable ‘k’ [-Wunused-variable]
  242 |     bool k;
      |          ^
res/vendor/imgui/imgui_impl_x11.cpp: In function ‘bool ImGui_ImplX11_NewFrame()’:
res/vendor/imgui/imgui_impl_x11.cpp:307:18: warning: unused variable ‘tsres’ [-Wunused-variable]
  307 |     timespec ts, tsres;
      |                  ^~~~~
res/vendor/imgui/imgui_impl_x11.cpp: In function ‘int ImGui_ImplX11_GetKeySymFromKeyCodeAndModifiers(XEvent&, int, int, ImGui_ImplX11_Data*)’:
res/vendor/imgui/imgui_impl_x11.cpp:438:67: warning: unused parameter ‘event’ [-Wunused-parameter]
  438 | static int ImGui_ImplX11_GetKeySymFromKeyCodeAndModifiers(XEvent& event, int keycode, int modifiers, ImGui_ImplX11_Data* bd)
      |                                                           ~~~~~~~~^~~~~
res/vendor/imgui/imgui_impl_x11.cpp: At global scope:
res/vendor/imgui/imgui_impl_x11.cpp:224:13: warning: ‘bool ImGui_ImplX11_UpdateMouseCursor()’ defined but not used [-Wunused-function]
  224 | static bool ImGui_ImplX11_UpdateMouseCursor()
      |             ^~~~~~~~~~~~~~~~~~~~~~~~~~~~~~~
g++ res/vendor/imgui/imgui_tables.cpp -c -o obj/imgui_tables.o -DDEBUG -O0 -ggdb -fno-builtin -Iinclude -Ires/vendor/imgui -std=c++20 -Wall -Wextra -Wformat  -lX11 -lGL -lGLEW -llac
g++ res/vendor/imgui/imgui_widgets.cpp -c -o obj/imgui_widgets.o -DDEBUG -O0 -ggdb -fno-builtin -Iinclude -Ires/vendor/imgui -std=c++20 -Wall -Wextra -Wformat  -lX11 -lGL -lGLEW -llac
g++ obj/camera.o obj/chunk_factory.o obj/cube_factory.o obj/impl_imgui.o obj/main.o obj/player.o obj/window.o obj/imgui.o obj/imgui_draw.o obj/imgui_impl_opengl3.o obj/imgui_impl_x11.o obj/imgui_tables.o obj/imgui_widgets.o -o kingcraft -DDEBUG -O0 -ggdb -fno-builtin -Iinclude -Ires/vendor/imgui -std=c++20 -Wall -Wextra -Wformat  -lX11 -lGL -lGLEW -llac
